ARM GAS  /tmp/ccnf8wOU.s 			page 1


   1              		.cpu cortex-m0plus
   2              		.fpu softvfp
   3              		.eabi_attribute 20, 1
   4              		.eabi_attribute 21, 1
   5              		.eabi_attribute 23, 3
   6              		.eabi_attribute 24, 1
   7              		.eabi_attribute 25, 1
   8              		.eabi_attribute 26, 1
   9              		.eabi_attribute 30, 4
  10              		.eabi_attribute 34, 0
  11              		.eabi_attribute 18, 4
  12              		.code	16
  13              		.file	"startup.c"
  14              		.text
  15              	.Ltext0:
  16              		.cfi_sections	.debug_frame
  17              		.align	1
  18              		.global	startup
  19              		.code	16
  20              		.thumb_func
  21              		.type	startup, %function
  22              	startup:
  23              	.LFB34:
  24              		.file 1 "src/startup.c"
   1:src/startup.c **** /**
   2:src/startup.c ****  * KE04 Loading Firmware
   3:src/startup.c ****  * Mid-level startup code
   4:src/startup.c ****  *
   5:src/startup.c ****  * originally by Kevin Cuzner
   6:src/startup.c ****  * modified by meh
   7:src/startup.c ****  */
   8:src/startup.c **** 
   9:src/startup.c ****  #include "MKE04Z4.h"
  10:src/startup.c ****  #include "pit.h"
  11:src/startup.c **** #include <stdint.h>
  12:src/startup.c **** 
  13:src/startup.c **** /**
  14:src/startup.c ****  * Sets up the ICS module to FEI at approximately 48MHz with the peripheral
  15:src/startup.c ****  * clock at 24MHz
  16:src/startup.c ****  */
  17:src/startup.c **** static void setup_ICS(void)
  18:src/startup.c **** {
  19:src/startup.c ****     //we assume this is run soon after setup
  20:src/startup.c ****     ICS->C2 = 0x00; //bdiv=0
  21:src/startup.c ****     ICS->C1 = 0x04; //internal reference clock to FLL
  22:src/startup.c **** }
  23:src/startup.c **** 
  24:src/startup.c **** 
  25:src/startup.c **** 
  26:src/startup.c **** extern uint32_t _start_bss, _end_bss, _start_data, _data_size, _data_flash_addr;
  27:src/startup.c **** 
  28:src/startup.c **** void startup()
  29:src/startup.c **** {
  25              		.loc 1 29 0
  26              		.cfi_startproc
  27              	.LVL0:
  28 0000 08B5     		push	{r3, lr}
ARM GAS  /tmp/ccnf8wOU.s 			page 2


  29              		.cfi_def_cfa_offset 8
  30              		.cfi_offset 3, -8
  31              		.cfi_offset 14, -4
  30:src/startup.c ****     /* Zero the BSS */
  31:src/startup.c ****     uint32_t *dest;
  32:src/startup.c ****     for (dest = &_start_bss; dest < &_end_bss; dest++)
  32              		.loc 1 32 0
  33 0002 084B     		ldr	r3, .L6
  34              	.LVL1:
  35              	.L2:
  36              		.loc 1 32 0 is_stmt 0 discriminator 1
  37 0004 0849     		ldr	r1, .L6+4
  38 0006 0022     		mov	r2, #0
  39 0008 8B42     		cmp	r3, r1
  40 000a 01D2     		bcs	.L5
  33:src/startup.c ****         *dest = 0;
  41              		.loc 1 33 0 is_stmt 1 discriminator 3
  42 000c 04C3     		stmia	r3!, {r2}
  43              	.LVL2:
  44 000e F9E7     		b	.L2
  45              	.L5:
  46              	.LBB4:
  47              	.LBB5:
  20:src/startup.c ****     ICS->C1 = 0x04; //internal reference clock to FLL
  48              		.loc 1 20 0
  49 0010 064B     		ldr	r3, .L6+8
  50              	.LVL3:
  51              	.LBE5:
  52              	.LBE4:
  34:src/startup.c **** 
  35:src/startup.c ****     setup_ICS(); //set up the clock to our known 48MHz frequency
  36:src/startup.c ****     setup_PIT(PIT_2kHz);
  53              		.loc 1 36 0
  54 0012 0748     		ldr	r0, .L6+12
  55              	.LBB7:
  56              	.LBB6:
  20:src/startup.c ****     ICS->C1 = 0x04; //internal reference clock to FLL
  57              		.loc 1 20 0
  58 0014 5A70     		strb	r2, [r3, #1]
  21:src/startup.c **** }
  59              		.loc 1 21 0
  60 0016 0432     		add	r2, r2, #4
  61 0018 1A70     		strb	r2, [r3]
  62              	.LBE6:
  63              	.LBE7:
  64              		.loc 1 36 0
  65 001a FFF7FEFF 		bl	setup_PIT
  66              	.LVL4:
  37:src/startup.c **** 
  38:src/startup.c ****     main();
  39:src/startup.c **** }
  67              		.loc 1 39 0
  68              		@ sp needed
  38:src/startup.c **** }
  69              		.loc 1 38 0
  70 001e FFF7FEFF 		bl	main
  71              	.LVL5:
ARM GAS  /tmp/ccnf8wOU.s 			page 3


  72              		.loc 1 39 0
  73 0022 08BD     		pop	{r3, pc}
  74              	.L7:
  75              		.align	2
  76              	.L6:
  77 0024 00000000 		.word	_start_bss
  78 0028 00000000 		.word	_end_bss
  79 002c 00400640 		.word	1074151424
  80 0030 C05D0000 		.word	24000
  81              		.cfi_endproc
  82              	.LFE34:
  83              		.size	startup, .-startup
  84              	.Letext0:
  85              		.file 2 "/usr/lib/gcc/arm-none-eabi/4.9.3/include/stdint-gcc.h"
  86              		.file 3 "include/MKE04Z4.h"
  87              		.file 4 "include/pit.h"
  88              		.section	.debug_info,"",%progbits
  89              	.Ldebug_info0:
  90 0000 80010000 		.4byte	0x180
  91 0004 0400     		.2byte	0x4
  92 0006 00000000 		.4byte	.Ldebug_abbrev0
  93 000a 04       		.byte	0x4
  94 000b 01       		.uleb128 0x1
  95 000c 6E000000 		.4byte	.LASF17
  96 0010 01       		.byte	0x1
  97 0011 0E000000 		.4byte	.LASF18
  98 0015 5C010000 		.4byte	.LASF19
  99 0019 00000000 		.4byte	.Ltext0
 100 001d 34000000 		.4byte	.Letext0-.Ltext0
 101 0021 00000000 		.4byte	.Ldebug_line0
 102 0025 02       		.uleb128 0x2
 103 0026 01       		.byte	0x1
 104 0027 06       		.byte	0x6
 105 0028 1F010000 		.4byte	.LASF0
 106 002c 02       		.uleb128 0x2
 107 002d 02       		.byte	0x2
 108 002e 05       		.byte	0x5
 109 002f 3E010000 		.4byte	.LASF1
 110 0033 02       		.uleb128 0x2
 111 0034 04       		.byte	0x4
 112 0035 05       		.byte	0x5
 113 0036 FB000000 		.4byte	.LASF2
 114 003a 02       		.uleb128 0x2
 115 003b 08       		.byte	0x8
 116 003c 05       		.byte	0x5
 117 003d 00000000 		.4byte	.LASF3
 118 0041 03       		.uleb128 0x3
 119 0042 66000000 		.4byte	.LASF6
 120 0046 02       		.byte	0x2
 121 0047 2E       		.byte	0x2e
 122 0048 4C000000 		.4byte	0x4c
 123 004c 02       		.uleb128 0x2
 124 004d 01       		.byte	0x1
 125 004e 08       		.byte	0x8
 126 004f DB000000 		.4byte	.LASF4
 127 0053 02       		.uleb128 0x2
 128 0054 02       		.byte	0x2
ARM GAS  /tmp/ccnf8wOU.s 			page 4


 129 0055 07       		.byte	0x7
 130 0056 0C010000 		.4byte	.LASF5
 131 005a 03       		.uleb128 0x3
 132 005b F2000000 		.4byte	.LASF7
 133 005f 02       		.byte	0x2
 134 0060 34       		.byte	0x34
 135 0061 65000000 		.4byte	0x65
 136 0065 02       		.uleb128 0x2
 137 0066 04       		.byte	0x4
 138 0067 07       		.byte	0x7
 139 0068 3D000000 		.4byte	.LASF8
 140 006c 02       		.uleb128 0x2
 141 006d 08       		.byte	0x8
 142 006e 07       		.byte	0x7
 143 006f 4F000000 		.4byte	.LASF9
 144 0073 04       		.uleb128 0x4
 145 0074 04       		.byte	0x4
 146 0075 05       		.byte	0x5
 147 0076 696E7400 		.ascii	"int\000"
 148 007a 02       		.uleb128 0x2
 149 007b 04       		.byte	0x4
 150 007c 07       		.byte	0x7
 151 007d 26000000 		.4byte	.LASF10
 152 0081 02       		.uleb128 0x2
 153 0082 04       		.byte	0x4
 154 0083 07       		.byte	0x7
 155 0084 53010000 		.4byte	.LASF11
 156 0088 05       		.uleb128 0x5
 157 0089 41000000 		.4byte	0x41
 158 008d 06       		.uleb128 0x6
 159 008e 05       		.byte	0x5
 160 008f 03       		.byte	0x3
 161 0090 7705     		.2byte	0x577
 162 0092 D2000000 		.4byte	0xd2
 163 0096 07       		.uleb128 0x7
 164 0097 433100   		.ascii	"C1\000"
 165 009a 03       		.byte	0x3
 166 009b 7805     		.2byte	0x578
 167 009d 88000000 		.4byte	0x88
 168 00a1 00       		.byte	0
 169 00a2 07       		.uleb128 0x7
 170 00a3 433200   		.ascii	"C2\000"
 171 00a6 03       		.byte	0x3
 172 00a7 7905     		.2byte	0x579
 173 00a9 88000000 		.4byte	0x88
 174 00ad 01       		.byte	0x1
 175 00ae 07       		.uleb128 0x7
 176 00af 433300   		.ascii	"C3\000"
 177 00b2 03       		.byte	0x3
 178 00b3 7A05     		.2byte	0x57a
 179 00b5 88000000 		.4byte	0x88
 180 00b9 02       		.byte	0x2
 181 00ba 07       		.uleb128 0x7
 182 00bb 433400   		.ascii	"C4\000"
 183 00be 03       		.byte	0x3
 184 00bf 7B05     		.2byte	0x57b
 185 00c1 88000000 		.4byte	0x88
ARM GAS  /tmp/ccnf8wOU.s 			page 5


 186 00c5 03       		.byte	0x3
 187 00c6 07       		.uleb128 0x7
 188 00c7 5300     		.ascii	"S\000"
 189 00c9 03       		.byte	0x3
 190 00ca 7C05     		.2byte	0x57c
 191 00cc 88000000 		.4byte	0x88
 192 00d0 04       		.byte	0x4
 193 00d1 00       		.byte	0
 194 00d2 08       		.uleb128 0x8
 195 00d3 2B010000 		.4byte	.LASF12
 196 00d7 03       		.byte	0x3
 197 00d8 7D05     		.2byte	0x57d
 198 00da 8D000000 		.4byte	0x8d
 199 00de 09       		.uleb128 0x9
 200 00df 1C000000 		.4byte	.LASF20
 201 00e3 01       		.byte	0x1
 202 00e4 11       		.byte	0x11
 203 00e5 01       		.byte	0x1
 204 00e6 0A       		.uleb128 0xa
 205 00e7 04010000 		.4byte	.LASF21
 206 00eb 01       		.byte	0x1
 207 00ec 1C       		.byte	0x1c
 208 00ed 00000000 		.4byte	.LFB34
 209 00f1 34000000 		.4byte	.LFE34-.LFB34
 210 00f5 01       		.uleb128 0x1
 211 00f6 9C       		.byte	0x9c
 212 00f7 49010000 		.4byte	0x149
 213 00fb 0B       		.uleb128 0xb
 214 00fc 33000000 		.4byte	.LASF22
 215 0100 01       		.byte	0x1
 216 0101 1F       		.byte	0x1f
 217 0102 49010000 		.4byte	0x149
 218 0106 00000000 		.4byte	.LLST0
 219 010a 0C       		.uleb128 0xc
 220 010b 38000000 		.4byte	.LASF15
 221 010f 01       		.byte	0x1
 222 0110 26       		.byte	0x26
 223 0111 73000000 		.4byte	0x73
 224 0115 1B010000 		.4byte	0x11b
 225 0119 0D       		.uleb128 0xd
 226 011a 00       		.byte	0
 227 011b 0E       		.uleb128 0xe
 228 011c DE000000 		.4byte	0xde
 229 0120 10000000 		.4byte	.LBB4
 230 0124 00000000 		.4byte	.Ldebug_ranges0+0
 231 0128 01       		.byte	0x1
 232 0129 23       		.byte	0x23
 233 012a 0F       		.uleb128 0xf
 234 012b 1E000000 		.4byte	.LVL4
 235 012f 65010000 		.4byte	0x165
 236 0133 3F010000 		.4byte	0x13f
 237 0137 10       		.uleb128 0x10
 238 0138 01       		.uleb128 0x1
 239 0139 50       		.byte	0x50
 240 013a 03       		.uleb128 0x3
 241 013b 0A       		.byte	0xa
 242 013c C05D     		.2byte	0x5dc0
ARM GAS  /tmp/ccnf8wOU.s 			page 6


 243 013e 00       		.byte	0
 244 013f 11       		.uleb128 0x11
 245 0140 22000000 		.4byte	.LVL5
 246 0144 76010000 		.4byte	0x176
 247 0148 00       		.byte	0
 248 0149 12       		.uleb128 0x12
 249 014a 04       		.byte	0x4
 250 014b 5A000000 		.4byte	0x5a
 251 014f 13       		.uleb128 0x13
 252 0150 48010000 		.4byte	.LASF13
 253 0154 01       		.byte	0x1
 254 0155 1A       		.byte	0x1a
 255 0156 5A000000 		.4byte	0x5a
 256 015a 13       		.uleb128 0x13
 257 015b E9000000 		.4byte	.LASF14
 258 015f 01       		.byte	0x1
 259 0160 1A       		.byte	0x1a
 260 0161 5A000000 		.4byte	0x5a
 261 0165 14       		.uleb128 0x14
 262 0166 34010000 		.4byte	.LASF16
 263 016a 04       		.byte	0x4
 264 016b 05       		.byte	0x5
 265 016c 76010000 		.4byte	0x176
 266 0170 15       		.uleb128 0x15
 267 0171 5A000000 		.4byte	0x5a
 268 0175 00       		.byte	0
 269 0176 16       		.uleb128 0x16
 270 0177 38000000 		.4byte	.LASF15
 271 017b 01       		.byte	0x1
 272 017c 26       		.byte	0x26
 273 017d 73000000 		.4byte	0x73
 274 0181 0D       		.uleb128 0xd
 275 0182 00       		.byte	0
 276 0183 00       		.byte	0
 277              		.section	.debug_abbrev,"",%progbits
 278              	.Ldebug_abbrev0:
 279 0000 01       		.uleb128 0x1
 280 0001 11       		.uleb128 0x11
 281 0002 01       		.byte	0x1
 282 0003 25       		.uleb128 0x25
 283 0004 0E       		.uleb128 0xe
 284 0005 13       		.uleb128 0x13
 285 0006 0B       		.uleb128 0xb
 286 0007 03       		.uleb128 0x3
 287 0008 0E       		.uleb128 0xe
 288 0009 1B       		.uleb128 0x1b
 289 000a 0E       		.uleb128 0xe
 290 000b 11       		.uleb128 0x11
 291 000c 01       		.uleb128 0x1
 292 000d 12       		.uleb128 0x12
 293 000e 06       		.uleb128 0x6
 294 000f 10       		.uleb128 0x10
 295 0010 17       		.uleb128 0x17
 296 0011 00       		.byte	0
 297 0012 00       		.byte	0
 298 0013 02       		.uleb128 0x2
 299 0014 24       		.uleb128 0x24
ARM GAS  /tmp/ccnf8wOU.s 			page 7


 300 0015 00       		.byte	0
 301 0016 0B       		.uleb128 0xb
 302 0017 0B       		.uleb128 0xb
 303 0018 3E       		.uleb128 0x3e
 304 0019 0B       		.uleb128 0xb
 305 001a 03       		.uleb128 0x3
 306 001b 0E       		.uleb128 0xe
 307 001c 00       		.byte	0
 308 001d 00       		.byte	0
 309 001e 03       		.uleb128 0x3
 310 001f 16       		.uleb128 0x16
 311 0020 00       		.byte	0
 312 0021 03       		.uleb128 0x3
 313 0022 0E       		.uleb128 0xe
 314 0023 3A       		.uleb128 0x3a
 315 0024 0B       		.uleb128 0xb
 316 0025 3B       		.uleb128 0x3b
 317 0026 0B       		.uleb128 0xb
 318 0027 49       		.uleb128 0x49
 319 0028 13       		.uleb128 0x13
 320 0029 00       		.byte	0
 321 002a 00       		.byte	0
 322 002b 04       		.uleb128 0x4
 323 002c 24       		.uleb128 0x24
 324 002d 00       		.byte	0
 325 002e 0B       		.uleb128 0xb
 326 002f 0B       		.uleb128 0xb
 327 0030 3E       		.uleb128 0x3e
 328 0031 0B       		.uleb128 0xb
 329 0032 03       		.uleb128 0x3
 330 0033 08       		.uleb128 0x8
 331 0034 00       		.byte	0
 332 0035 00       		.byte	0
 333 0036 05       		.uleb128 0x5
 334 0037 35       		.uleb128 0x35
 335 0038 00       		.byte	0
 336 0039 49       		.uleb128 0x49
 337 003a 13       		.uleb128 0x13
 338 003b 00       		.byte	0
 339 003c 00       		.byte	0
 340 003d 06       		.uleb128 0x6
 341 003e 13       		.uleb128 0x13
 342 003f 01       		.byte	0x1
 343 0040 0B       		.uleb128 0xb
 344 0041 0B       		.uleb128 0xb
 345 0042 3A       		.uleb128 0x3a
 346 0043 0B       		.uleb128 0xb
 347 0044 3B       		.uleb128 0x3b
 348 0045 05       		.uleb128 0x5
 349 0046 01       		.uleb128 0x1
 350 0047 13       		.uleb128 0x13
 351 0048 00       		.byte	0
 352 0049 00       		.byte	0
 353 004a 07       		.uleb128 0x7
 354 004b 0D       		.uleb128 0xd
 355 004c 00       		.byte	0
 356 004d 03       		.uleb128 0x3
ARM GAS  /tmp/ccnf8wOU.s 			page 8


 357 004e 08       		.uleb128 0x8
 358 004f 3A       		.uleb128 0x3a
 359 0050 0B       		.uleb128 0xb
 360 0051 3B       		.uleb128 0x3b
 361 0052 05       		.uleb128 0x5
 362 0053 49       		.uleb128 0x49
 363 0054 13       		.uleb128 0x13
 364 0055 38       		.uleb128 0x38
 365 0056 0B       		.uleb128 0xb
 366 0057 00       		.byte	0
 367 0058 00       		.byte	0
 368 0059 08       		.uleb128 0x8
 369 005a 16       		.uleb128 0x16
 370 005b 00       		.byte	0
 371 005c 03       		.uleb128 0x3
 372 005d 0E       		.uleb128 0xe
 373 005e 3A       		.uleb128 0x3a
 374 005f 0B       		.uleb128 0xb
 375 0060 3B       		.uleb128 0x3b
 376 0061 05       		.uleb128 0x5
 377 0062 49       		.uleb128 0x49
 378 0063 13       		.uleb128 0x13
 379 0064 00       		.byte	0
 380 0065 00       		.byte	0
 381 0066 09       		.uleb128 0x9
 382 0067 2E       		.uleb128 0x2e
 383 0068 00       		.byte	0
 384 0069 03       		.uleb128 0x3
 385 006a 0E       		.uleb128 0xe
 386 006b 3A       		.uleb128 0x3a
 387 006c 0B       		.uleb128 0xb
 388 006d 3B       		.uleb128 0x3b
 389 006e 0B       		.uleb128 0xb
 390 006f 27       		.uleb128 0x27
 391 0070 19       		.uleb128 0x19
 392 0071 20       		.uleb128 0x20
 393 0072 0B       		.uleb128 0xb
 394 0073 00       		.byte	0
 395 0074 00       		.byte	0
 396 0075 0A       		.uleb128 0xa
 397 0076 2E       		.uleb128 0x2e
 398 0077 01       		.byte	0x1
 399 0078 3F       		.uleb128 0x3f
 400 0079 19       		.uleb128 0x19
 401 007a 03       		.uleb128 0x3
 402 007b 0E       		.uleb128 0xe
 403 007c 3A       		.uleb128 0x3a
 404 007d 0B       		.uleb128 0xb
 405 007e 3B       		.uleb128 0x3b
 406 007f 0B       		.uleb128 0xb
 407 0080 11       		.uleb128 0x11
 408 0081 01       		.uleb128 0x1
 409 0082 12       		.uleb128 0x12
 410 0083 06       		.uleb128 0x6
 411 0084 40       		.uleb128 0x40
 412 0085 18       		.uleb128 0x18
 413 0086 9742     		.uleb128 0x2117
ARM GAS  /tmp/ccnf8wOU.s 			page 9


 414 0088 19       		.uleb128 0x19
 415 0089 01       		.uleb128 0x1
 416 008a 13       		.uleb128 0x13
 417 008b 00       		.byte	0
 418 008c 00       		.byte	0
 419 008d 0B       		.uleb128 0xb
 420 008e 34       		.uleb128 0x34
 421 008f 00       		.byte	0
 422 0090 03       		.uleb128 0x3
 423 0091 0E       		.uleb128 0xe
 424 0092 3A       		.uleb128 0x3a
 425 0093 0B       		.uleb128 0xb
 426 0094 3B       		.uleb128 0x3b
 427 0095 0B       		.uleb128 0xb
 428 0096 49       		.uleb128 0x49
 429 0097 13       		.uleb128 0x13
 430 0098 02       		.uleb128 0x2
 431 0099 17       		.uleb128 0x17
 432 009a 00       		.byte	0
 433 009b 00       		.byte	0
 434 009c 0C       		.uleb128 0xc
 435 009d 2E       		.uleb128 0x2e
 436 009e 01       		.byte	0x1
 437 009f 3F       		.uleb128 0x3f
 438 00a0 19       		.uleb128 0x19
 439 00a1 03       		.uleb128 0x3
 440 00a2 0E       		.uleb128 0xe
 441 00a3 3A       		.uleb128 0x3a
 442 00a4 0B       		.uleb128 0xb
 443 00a5 3B       		.uleb128 0x3b
 444 00a6 0B       		.uleb128 0xb
 445 00a7 49       		.uleb128 0x49
 446 00a8 13       		.uleb128 0x13
 447 00a9 3C       		.uleb128 0x3c
 448 00aa 19       		.uleb128 0x19
 449 00ab 01       		.uleb128 0x1
 450 00ac 13       		.uleb128 0x13
 451 00ad 00       		.byte	0
 452 00ae 00       		.byte	0
 453 00af 0D       		.uleb128 0xd
 454 00b0 18       		.uleb128 0x18
 455 00b1 00       		.byte	0
 456 00b2 00       		.byte	0
 457 00b3 00       		.byte	0
 458 00b4 0E       		.uleb128 0xe
 459 00b5 1D       		.uleb128 0x1d
 460 00b6 00       		.byte	0
 461 00b7 31       		.uleb128 0x31
 462 00b8 13       		.uleb128 0x13
 463 00b9 52       		.uleb128 0x52
 464 00ba 01       		.uleb128 0x1
 465 00bb 55       		.uleb128 0x55
 466 00bc 17       		.uleb128 0x17
 467 00bd 58       		.uleb128 0x58
 468 00be 0B       		.uleb128 0xb
 469 00bf 59       		.uleb128 0x59
 470 00c0 0B       		.uleb128 0xb
ARM GAS  /tmp/ccnf8wOU.s 			page 10


 471 00c1 00       		.byte	0
 472 00c2 00       		.byte	0
 473 00c3 0F       		.uleb128 0xf
 474 00c4 898201   		.uleb128 0x4109
 475 00c7 01       		.byte	0x1
 476 00c8 11       		.uleb128 0x11
 477 00c9 01       		.uleb128 0x1
 478 00ca 31       		.uleb128 0x31
 479 00cb 13       		.uleb128 0x13
 480 00cc 01       		.uleb128 0x1
 481 00cd 13       		.uleb128 0x13
 482 00ce 00       		.byte	0
 483 00cf 00       		.byte	0
 484 00d0 10       		.uleb128 0x10
 485 00d1 8A8201   		.uleb128 0x410a
 486 00d4 00       		.byte	0
 487 00d5 02       		.uleb128 0x2
 488 00d6 18       		.uleb128 0x18
 489 00d7 9142     		.uleb128 0x2111
 490 00d9 18       		.uleb128 0x18
 491 00da 00       		.byte	0
 492 00db 00       		.byte	0
 493 00dc 11       		.uleb128 0x11
 494 00dd 898201   		.uleb128 0x4109
 495 00e0 00       		.byte	0
 496 00e1 11       		.uleb128 0x11
 497 00e2 01       		.uleb128 0x1
 498 00e3 31       		.uleb128 0x31
 499 00e4 13       		.uleb128 0x13
 500 00e5 00       		.byte	0
 501 00e6 00       		.byte	0
 502 00e7 12       		.uleb128 0x12
 503 00e8 0F       		.uleb128 0xf
 504 00e9 00       		.byte	0
 505 00ea 0B       		.uleb128 0xb
 506 00eb 0B       		.uleb128 0xb
 507 00ec 49       		.uleb128 0x49
 508 00ed 13       		.uleb128 0x13
 509 00ee 00       		.byte	0
 510 00ef 00       		.byte	0
 511 00f0 13       		.uleb128 0x13
 512 00f1 34       		.uleb128 0x34
 513 00f2 00       		.byte	0
 514 00f3 03       		.uleb128 0x3
 515 00f4 0E       		.uleb128 0xe
 516 00f5 3A       		.uleb128 0x3a
 517 00f6 0B       		.uleb128 0xb
 518 00f7 3B       		.uleb128 0x3b
 519 00f8 0B       		.uleb128 0xb
 520 00f9 49       		.uleb128 0x49
 521 00fa 13       		.uleb128 0x13
 522 00fb 3F       		.uleb128 0x3f
 523 00fc 19       		.uleb128 0x19
 524 00fd 3C       		.uleb128 0x3c
 525 00fe 19       		.uleb128 0x19
 526 00ff 00       		.byte	0
 527 0100 00       		.byte	0
ARM GAS  /tmp/ccnf8wOU.s 			page 11


 528 0101 14       		.uleb128 0x14
 529 0102 2E       		.uleb128 0x2e
 530 0103 01       		.byte	0x1
 531 0104 3F       		.uleb128 0x3f
 532 0105 19       		.uleb128 0x19
 533 0106 03       		.uleb128 0x3
 534 0107 0E       		.uleb128 0xe
 535 0108 3A       		.uleb128 0x3a
 536 0109 0B       		.uleb128 0xb
 537 010a 3B       		.uleb128 0x3b
 538 010b 0B       		.uleb128 0xb
 539 010c 27       		.uleb128 0x27
 540 010d 19       		.uleb128 0x19
 541 010e 3C       		.uleb128 0x3c
 542 010f 19       		.uleb128 0x19
 543 0110 01       		.uleb128 0x1
 544 0111 13       		.uleb128 0x13
 545 0112 00       		.byte	0
 546 0113 00       		.byte	0
 547 0114 15       		.uleb128 0x15
 548 0115 05       		.uleb128 0x5
 549 0116 00       		.byte	0
 550 0117 49       		.uleb128 0x49
 551 0118 13       		.uleb128 0x13
 552 0119 00       		.byte	0
 553 011a 00       		.byte	0
 554 011b 16       		.uleb128 0x16
 555 011c 2E       		.uleb128 0x2e
 556 011d 01       		.byte	0x1
 557 011e 3F       		.uleb128 0x3f
 558 011f 19       		.uleb128 0x19
 559 0120 03       		.uleb128 0x3
 560 0121 0E       		.uleb128 0xe
 561 0122 3A       		.uleb128 0x3a
 562 0123 0B       		.uleb128 0xb
 563 0124 3B       		.uleb128 0x3b
 564 0125 0B       		.uleb128 0xb
 565 0126 49       		.uleb128 0x49
 566 0127 13       		.uleb128 0x13
 567 0128 3C       		.uleb128 0x3c
 568 0129 19       		.uleb128 0x19
 569 012a 00       		.byte	0
 570 012b 00       		.byte	0
 571 012c 00       		.byte	0
 572              		.section	.debug_loc,"",%progbits
 573              	.Ldebug_loc0:
 574              	.LLST0:
 575 0000 04000000 		.4byte	.LVL1-.Ltext0
 576 0004 12000000 		.4byte	.LVL3-.Ltext0
 577 0008 0100     		.2byte	0x1
 578 000a 53       		.byte	0x53
 579 000b 00000000 		.4byte	0
 580 000f 00000000 		.4byte	0
 581              		.section	.debug_aranges,"",%progbits
 582 0000 1C000000 		.4byte	0x1c
 583 0004 0200     		.2byte	0x2
 584 0006 00000000 		.4byte	.Ldebug_info0
ARM GAS  /tmp/ccnf8wOU.s 			page 12


 585 000a 04       		.byte	0x4
 586 000b 00       		.byte	0
 587 000c 0000     		.2byte	0
 588 000e 0000     		.2byte	0
 589 0010 00000000 		.4byte	.Ltext0
 590 0014 34000000 		.4byte	.Letext0-.Ltext0
 591 0018 00000000 		.4byte	0
 592 001c 00000000 		.4byte	0
 593              		.section	.debug_ranges,"",%progbits
 594              	.Ldebug_ranges0:
 595 0000 10000000 		.4byte	.LBB4-.Ltext0
 596 0004 12000000 		.4byte	.LBE4-.Ltext0
 597 0008 14000000 		.4byte	.LBB7-.Ltext0
 598 000c 1A000000 		.4byte	.LBE7-.Ltext0
 599 0010 00000000 		.4byte	0
 600 0014 00000000 		.4byte	0
 601              		.section	.debug_line,"",%progbits
 602              	.Ldebug_line0:
 603 0000 AD000000 		.section	.debug_str,"MS",%progbits,1
 603      02007B00 
 603      00000201 
 603      FB0E0D00 
 603      01010101 
 604              	.LASF3:
 605 0000 6C6F6E67 		.ascii	"long long int\000"
 605      206C6F6E 
 605      6720696E 
 605      7400
 606              	.LASF18:
 607 000e 7372632F 		.ascii	"src/startup.c\000"
 607      73746172 
 607      7475702E 
 607      6300
 608              	.LASF20:
 609 001c 73657475 		.ascii	"setup_ICS\000"
 609      705F4943 
 609      5300
 610              	.LASF10:
 611 0026 756E7369 		.ascii	"unsigned int\000"
 611      676E6564 
 611      20696E74 
 611      00
 612              	.LASF22:
 613 0033 64657374 		.ascii	"dest\000"
 613      00
 614              	.LASF15:
 615 0038 6D61696E 		.ascii	"main\000"
 615      00
 616              	.LASF8:
 617 003d 6C6F6E67 		.ascii	"long unsigned int\000"
 617      20756E73 
 617      69676E65 
 617      6420696E 
 617      7400
 618              	.LASF9:
 619 004f 6C6F6E67 		.ascii	"long long unsigned int\000"
 619      206C6F6E 
ARM GAS  /tmp/ccnf8wOU.s 			page 13


 619      6720756E 
 619      7369676E 
 619      65642069 
 620              	.LASF6:
 621 0066 75696E74 		.ascii	"uint8_t\000"
 621      385F7400 
 622              	.LASF17:
 623 006e 474E5520 		.ascii	"GNU C 4.9.3 20150529 (prerelease) -mthumb -mcpu=cor"
 623      4320342E 
 623      392E3320 
 623      32303135 
 623      30353239 
 624 00a1 7465782D 		.ascii	"tex-m0plus -g -Os -fno-common -ffreestanding -fno-b"
 624      6D30706C 
 624      7573202D 
 624      67202D4F 
 624      73202D66 
 625 00d4 75696C74 		.ascii	"uiltin\000"
 625      696E00
 626              	.LASF4:
 627 00db 756E7369 		.ascii	"unsigned char\000"
 627      676E6564 
 627      20636861 
 627      7200
 628              	.LASF14:
 629 00e9 5F656E64 		.ascii	"_end_bss\000"
 629      5F627373 
 629      00
 630              	.LASF7:
 631 00f2 75696E74 		.ascii	"uint32_t\000"
 631      33325F74 
 631      00
 632              	.LASF2:
 633 00fb 6C6F6E67 		.ascii	"long int\000"
 633      20696E74 
 633      00
 634              	.LASF21:
 635 0104 73746172 		.ascii	"startup\000"
 635      74757000 
 636              	.LASF5:
 637 010c 73686F72 		.ascii	"short unsigned int\000"
 637      7420756E 
 637      7369676E 
 637      65642069 
 637      6E7400
 638              	.LASF0:
 639 011f 7369676E 		.ascii	"signed char\000"
 639      65642063 
 639      68617200 
 640              	.LASF12:
 641 012b 4943535F 		.ascii	"ICS_Type\000"
 641      54797065 
 641      00
 642              	.LASF16:
 643 0134 73657475 		.ascii	"setup_PIT\000"
 643      705F5049 
 643      5400
ARM GAS  /tmp/ccnf8wOU.s 			page 14


 644              	.LASF1:
 645 013e 73686F72 		.ascii	"short int\000"
 645      7420696E 
 645      7400
 646              	.LASF13:
 647 0148 5F737461 		.ascii	"_start_bss\000"
 647      72745F62 
 647      737300
 648              	.LASF11:
 649 0153 73697A65 		.ascii	"sizetype\000"
 649      74797065 
 649      00
 650              	.LASF19:
 651 015c 2F686F6D 		.ascii	"/home/xxx/projects/armmke_dev1/firmware\000"
 651      652F7878 
 651      782F7072 
 651      6F6A6563 
 651      74732F61 
 652              		.ident	"GCC: (15:4.9.3+svn231177-1) 4.9.3 20150529 (prerelease)"
ARM GAS  /tmp/ccnf8wOU.s 			page 15


DEFINED SYMBOLS
                            *ABS*:0000000000000000 startup.c
     /tmp/ccnf8wOU.s:17     .text:0000000000000000 $t
     /tmp/ccnf8wOU.s:22     .text:0000000000000000 startup
     /tmp/ccnf8wOU.s:77     .text:0000000000000024 $d
                     .debug_frame:0000000000000010 $d

UNDEFINED SYMBOLS
setup_PIT
main
_start_bss
_end_bss
